# JRE version: OpenJDK Runtime Environment Temurin-21.0.7+6 (21.0.7+6) (build 21.0.7+6-LTS)
# Java VM: OpenJDK 64-Bit Server VM Temurin-21.0.7+6 (21.0.7+6-LTS, mixed mode, emulated-client, sharing, tiered, compressed oops, compressed class ptrs, g1 gc, windows-amd64)
GC Precious Log:
 CardTable entry size: 512
 Card Set container configuration: InlinePtr #cards 4 size 8 Array Of Cards #cards 16 size 48 Howl #buckets 8 coarsen threshold 3686 Howl Bitmap #cards 512 size 80 coarsen threshold 460 Card regions per heap region 1 cards per card region 4096
 CPUs: 8 total, 8 available
 Memory: 16165M
 Large Page Support: Disabled
 NUMA Support: Disabled
 Compressed Oops: Enabled (Zero based)
 Heap Region Size: 2M
 Heap Min Capacity: 8M
 Heap Initial Capacity: 254M
 Heap Max Capacity: 4042M
 Pre-touch: Disabled
 Parallel Workers: 8
 Concurrent Workers: 2
 Concurrent Refinement Workers: 8
 Periodic GC: Disabled
Heap:
 garbage-first heap   total 131072K, used 50823K [0x0000000703600000, 0x0000000800000000)
  region size 2048K, 5 young (10240K), 2 survivors (4096K)
 Metaspace       used 74376K, committed 76352K, reserved 1179648K
  class space    used 9735K, committed 10560K, reserved 1048576K
GC Heap History (20 events):
Event: 22.200 GC heap before
{Heap before GC invocations=24 (full 0):
 garbage-first heap   total 122880K, used 107728K [0x0000000703600000, 0x0000000800000000)
  region size 2048K, 36 young (73728K), 3 survivors (6144K)
 Metaspace       used 68198K, committed 69184K, reserved 1114112K
  class space    used 9000K, committed 9472K, reserved 1048576K
}
Event: 22.209 GC heap after
{Heap after GC invocations=25 (full 0):
 garbage-first heap   total 122880K, used 44626K [0x0000000703600000, 0x0000000800000000)
  region size 2048K, 4 young (8192K), 4 survivors (8192K)
 Metaspace       used 68198K, committed 69184K, reserved 1114112K
  class space    used 9000K, committed 9472K, reserved 1048576K
}
Event: 23.004 GC heap before
{Heap before GC invocations=25 (full 0):
 garbage-first heap   total 122880K, used 112210K [0x0000000703600000, 0x0000000800000000)
  region size 2048K, 34 young (69632K), 4 survivors (8192K)
 Metaspace       used 71395K, committed 72512K, reserved 1114112K
  class space    used 9391K, committed 9920K, reserved 1048576K
}
Event: 23.015 GC heap after
{Heap after GC invocations=26 (full 0):
 garbage-first heap   total 131072K, used 49848K [0x0000000703600000, 0x0000000800000000)
  region size 2048K, 5 young (10240K), 5 survivors (10240K)
 Metaspace       used 71395K, committed 72512K, reserved 1114112K
  class space    used 9391K, committed 9920K, reserved 1048576K
}
Event: 25.246 GC heap before
{Heap before GC invocations=26 (full 0):
 garbage-first heap   total 131072K, used 90808K [0x0000000703600000, 0x0000000800000000)
  region size 2048K, 27 young (55296K), 5 survivors (10240K)
 Metaspace       used 73518K, committed 74880K, reserved 1114112K
  class space    used 9709K, committed 10368K, reserved 1048576K
}
Event: 25.255 GC heap after
{Heap after GC invocations=27 (full 0):
 garbage-first heap   total 131072K, used 53172K [0x0000000703600000, 0x0000000800000000)
  region size 2048K, 5 young (10240K), 5 survivors (10240K)
 Metaspace       used 73518K, committed 74880K, reserved 1114112K
  class space    used 9709K, committed 10368K, reserved 1048576K
}
Event: 164.962 GC heap before
{Heap before GC invocations=28 (full 0):
 garbage-first heap   total 131072K, used 108468K [0x0000000703600000, 0x0000000800000000)
  region size 2048K, 33 young (67584K), 5 survivors (10240K)
 Metaspace       used 74336K, committed 75648K, reserved 1114112K
  class space    used 9802K, committed 10432K, reserved 1048576K
}
Event: 164.971 GC heap after
{Heap after GC invocations=29 (full 0):
 garbage-first heap   total 131072K, used 53822K [0x0000000703600000, 0x0000000800000000)
  region size 2048K, 3 young (6144K), 3 survivors (6144K)
 Metaspace       used 74336K, committed 75648K, reserved 1114112K
  class space    used 9802K, committed 10432K, reserved 1048576K
}
Event: 274.124 GC heap before
{Heap before GC invocations=29 (full 0):
 garbage-first heap   total 131072K, used 113214K [0x0000000703600000, 0x0000000800000000)
  region size 2048K, 33 young (67584K), 3 survivors (6144K)
 Metaspace       used 74895K, committed 76352K, reserved 1179648K
  class space    used 9884K, committed 10560K, reserved 1048576K
}
Event: 274.138 GC heap after
{Heap after GC invocations=30 (full 0):
 garbage-first heap   total 131072K, used 53031K [0x0000000703600000, 0x0000000800000000)
  region size 2048K, 2 young (4096K), 2 survivors (4096K)
 Metaspace       used 74895K, committed 76352K, reserved 1179648K
  class space    used 9884K, committed 10560K, reserved 1048576K
}
Event: 508.615 GC heap before
{Heap before GC invocations=30 (full 0):
 garbage-first heap   total 131072K, used 118567K [0x0000000703600000, 0x0000000800000000)
  region size 2048K, 34 young (69632K), 2 survivors (4096K)
 Metaspace       used 74927K, committed 76352K, reserved 1179648K
  class space    used 9891K, committed 10560K, reserved 1048576K
}
Event: 508.619 GC heap after
{Heap after GC invocations=31 (full 0):
 garbage-first heap   total 131072K, used 52903K [0x0000000703600000, 0x0000000800000000)
  region size 2048K, 2 young (4096K), 2 survivors (4096K)
 Metaspace       used 74927K, committed 76352K, reserved 1179648K
  class space    used 9891K, committed 10560K, reserved 1048576K
}
Event: 1643.606 GC heap before
{Heap before GC invocations=32 (full 0):
 garbage-first heap   total 131072K, used 118439K [0x0000000703600000, 0x0000000800000000)
  region size 2048K, 34 young (69632K), 2 survivors (4096K)
 Metaspace       used 74241K, committed 76352K, reserved 1179648K
  class space    used 9719K, committed 10560K, reserved 1048576K
}
Event: 1643.616 GC heap after
{Heap after GC invocations=33 (full 0):
 garbage-first heap   total 131072K, used 52529K [0x0000000703600000, 0x0000000800000000)
  region size 2048K, 2 young (4096K), 2 survivors (4096K)
 Metaspace       used 74241K, committed 76352K, reserved 1179648K
  class space    used 9719K, committed 10560K, reserved 1048576K
}
Event: 1926.304 GC heap before
{Heap before GC invocations=33 (full 0):
 garbage-first heap   total 131072K, used 118065K [0x0000000703600000, 0x0000000800000000)
  region size 2048K, 34 young (69632K), 2 survivors (4096K)
 Metaspace       used 74317K, committed 76352K, reserved 1179648K
  class space    used 9735K, committed 10560K, reserved 1048576K
}
Event: 1926.316 GC heap after
{Heap after GC invocations=34 (full 0):
 garbage-first heap   total 131072K, used 46663K [0x0000000703600000, 0x0000000800000000)
  region size 2048K, 2 young (4096K), 2 survivors (4096K)
 Metaspace       used 74317K, committed 76352K, reserved 1179648K
  class space    used 9735K, committed 10560K, reserved 1048576K
}
Event: 2254.725 GC heap before
{Heap before GC invocations=34 (full 0):
 garbage-first heap   total 131072K, used 118343K [0x0000000703600000, 0x0000000800000000)
  region size 2048K, 37 young (75776K), 2 survivors (4096K)
 Metaspace       used 74472K, committed 76352K, reserved 1179648K
  class space    used 9761K, committed 10560K, reserved 1048576K
}
Event: 2254.730 GC heap after
{Heap after GC invocations=35 (full 0):
 garbage-first heap   total 131072K, used 46620K [0x0000000703600000, 0x0000000800000000)
  region size 2048K, 2 young (4096K), 2 survivors (4096K)
 Metaspace       used 74472K, committed 76352K, reserved 1179648K
  class space    used 9761K, committed 10560K, reserved 1048576K
}
Event: 2592.323 GC heap before
{Heap before GC invocations=36 (full 0):
 garbage-first heap   total 131072K, used 118300K [0x0000000703600000, 0x0000000800000000)
  region size 2048K, 37 young (75776K), 2 survivors (4096K)
 Metaspace       used 74358K, committed 76352K, reserved 1179648K
  class space    used 9734K, committed 10560K, reserved 1048576K
}
Event: 2592.326 GC heap after
{Heap after GC invocations=37 (full 0):
 garbage-first heap   total 131072K, used 46727K [0x0000000703600000, 0x0000000800000000)
  region size 2048K, 2 young (4096K), 2 survivors (4096K)
 Metaspace       used 74358K, committed 76352K, reserved 1179648K
  class space    used 9734K, committed 10560K, reserved 1048576K
}

